This file contains any messages produced by compilers while
running configure, to aid debugging if configure makes a mistake.

It was created by configure, which was
generated by GNU Autoconf 2.59.  Invocation command line was

  $ ./configure --prefix=/usr/local --disable-msn --cache-file=/dev/null --srcdir=.

## --------- ##
## Platform. ##
## --------- ##

hostname = rnks-vm
uname -m = x86_64
uname -r = 5.8.0-44-generic
uname -s = Linux
uname -v = #50~20.04.1-Ubuntu SMP Wed Feb 10 21:07:30 UTC 2021

/usr/bin/uname -p = x86_64
/bin/uname -X     = unknown

/bin/arch              = x86_64
/usr/bin/arch -k       = unknown
/usr/convex/getsysinfo = unknown
hostinfo               = unknown
/bin/machine           = unknown
/usr/bin/oslevel       = unknown
/bin/universe          = unknown

PATH: /usr/local/sbin
PATH: /usr/local/bin
PATH: /usr/sbin
PATH: /usr/bin
PATH: /sbin
PATH: /bin
PATH: /usr/games
PATH: /usr/local/games
PATH: /snap/bin


## ----------- ##
## Core tests. ##
## ----------- ##

configure:1353: checking for a BSD-compatible install
configure:1408: result: /usr/bin/install -c
configure:1419: checking whether build environment is sane
configure:1462: result: yes
configure:1477: checking whether make sets $(MAKE)
configure:1497: result: yes
configure:1529: checking for working aclocal-1.4
configure:1540: result: missing
configure:1544: checking for working autoconf
configure:1551: result: found
configure:1559: checking for working automake-1.4
configure:1570: result: missing
configure:1574: checking for working autoheader
configure:1581: result: found
configure:1589: checking for working makeinfo
configure:1600: result: missing
configure:1647: checking for ranlib
configure:1663: found /usr/bin/ranlib
configure:1674: result: ranlib
configure:1732: checking for gcc
configure:1748: found /usr/bin/gcc
configure:1758: result: gcc
configure:2002: checking for C compiler version
configure:2005: gcc --version </dev/null >&5
gcc (Ubuntu 9.3.0-17ubuntu1~20.04) 9.3.0
Copyright (C) 2019 Free Software Foundation, Inc.
This is free software; see the source for copying conditions.  There is NO
warranty; not even for MERCHANTABILITY or FITNESS FOR A PARTICULAR PURPOSE.

configure:2008: $? = 0
configure:2010: gcc -v </dev/null >&5
Using built-in specs.
COLLECT_GCC=gcc
COLLECT_LTO_WRAPPER=/usr/lib/gcc/x86_64-linux-gnu/9/lto-wrapper
OFFLOAD_TARGET_NAMES=nvptx-none:hsa
OFFLOAD_TARGET_DEFAULT=1
Target: x86_64-linux-gnu
Configured with: ../src/configure -v --with-pkgversion='Ubuntu 9.3.0-17ubuntu1~20.04' --with-bugurl=file:///usr/share/doc/gcc-9/README.Bugs --enable-languages=c,ada,c++,go,brig,d,fortran,objc,obj-c++,gm2 --prefix=/usr --with-gcc-major-version-only --program-suffix=-9 --program-prefix=x86_64-linux-gnu- --enable-shared --enable-linker-build-id --libexecdir=/usr/lib --without-included-gettext --enable-threads=posix --libdir=/usr/lib --enable-nls --enable-clocale=gnu --enable-libstdcxx-debug --enable-libstdcxx-time=yes --with-default-libstdcxx-abi=new --enable-gnu-unique-object --disable-vtable-verify --enable-plugin --enable-default-pie --with-system-zlib --with-target-system-zlib=auto --enable-objc-gc=auto --enable-multiarch --disable-werror --with-arch-32=i686 --with-abi=m64 --with-multilib-list=m32,m64,mx32 --enable-multilib --with-tune=generic --enable-offload-targets=nvptx-none=/build/gcc-9-HskZEa/gcc-9-9.3.0/debian/tmp-nvptx/usr,hsa --without-cuda-driver --enable-checking=release --build=x86_64-linux-gnu --host=x86_64-linux-gnu --target=x86_64-linux-gnu
Thread model: posix
gcc version 9.3.0 (Ubuntu 9.3.0-17ubuntu1~20.04) 
configure:2013: $? = 0
configure:2015: gcc -V </dev/null >&5
gcc: error: unrecognized command line option '-V'
gcc: fatal error: no input files
compilation terminated.
configure:2018: $? = 1
configure:2041: checking for C compiler default output file name
configure:2044: gcc    conftest.c  >&5
configure:2047: $? = 0
configure:2093: result: a.out
configure:2098: checking whether the C compiler works
configure:2104: ./a.out
configure:2107: $? = 0
configure:2124: result: yes
configure:2131: checking whether we are cross compiling
configure:2133: result: no
configure:2136: checking for suffix of executables
configure:2138: gcc -o conftest    conftest.c  >&5
configure:2141: $? = 0
configure:2166: result: 
configure:2172: checking for suffix of object files
configure:2193: gcc -c   conftest.c >&5
configure:2196: $? = 0
configure:2218: result: o
configure:2222: checking whether we are using the GNU C compiler
configure:2246: gcc -c   conftest.c >&5
configure:2252: $? = 0
configure:2256: test -z 
			 || test ! -s conftest.err
configure:2259: $? = 0
configure:2262: test -s conftest.o
configure:2265: $? = 0
configure:2278: result: yes
configure:2284: checking whether gcc accepts -g
configure:2305: gcc -c -g  conftest.c >&5
configure:2311: $? = 0
configure:2315: test -z 
			 || test ! -s conftest.err
configure:2318: $? = 0
configure:2321: test -s conftest.o
configure:2324: $? = 0
configure:2335: result: yes
configure:2352: checking for gcc option to accept ANSI C
configure:2422: gcc  -c -g -O2  conftest.c >&5
configure:2428: $? = 0
configure:2432: test -z 
			 || test ! -s conftest.err
configure:2435: $? = 0
configure:2438: test -s conftest.o
configure:2441: $? = 0
configure:2459: result: none needed
configure:2477: gcc -c -g -O2  conftest.c >&5
conftest.c:2:3: error: unknown type name 'choke'
    2 |   choke me
      |   ^~~~~
conftest.c:2:3: error: expected '=', ',', ';', 'asm' or '__attribute__' at end of input
configure:2483: $? = 1
configure: failed program was:
| #ifndef __cplusplus
|   choke me
| #endif
configure:2687: checking for g++
configure:2703: found /usr/bin/g++
configure:2713: result: g++
configure:2729: checking for C++ compiler version
configure:2732: g++ --version </dev/null >&5
g++ (Ubuntu 9.3.0-17ubuntu1~20.04) 9.3.0
Copyright (C) 2019 Free Software Foundation, Inc.
This is free software; see the source for copying conditions.  There is NO
warranty; not even for MERCHANTABILITY or FITNESS FOR A PARTICULAR PURPOSE.

configure:2735: $? = 0
configure:2737: g++ -v </dev/null >&5
Using built-in specs.
COLLECT_GCC=g++
COLLECT_LTO_WRAPPER=/usr/lib/gcc/x86_64-linux-gnu/9/lto-wrapper
OFFLOAD_TARGET_NAMES=nvptx-none:hsa
OFFLOAD_TARGET_DEFAULT=1
Target: x86_64-linux-gnu
Configured with: ../src/configure -v --with-pkgversion='Ubuntu 9.3.0-17ubuntu1~20.04' --with-bugurl=file:///usr/share/doc/gcc-9/README.Bugs --enable-languages=c,ada,c++,go,brig,d,fortran,objc,obj-c++,gm2 --prefix=/usr --with-gcc-major-version-only --program-suffix=-9 --program-prefix=x86_64-linux-gnu- --enable-shared --enable-linker-build-id --libexecdir=/usr/lib --without-included-gettext --enable-threads=posix --libdir=/usr/lib --enable-nls --enable-clocale=gnu --enable-libstdcxx-debug --enable-libstdcxx-time=yes --with-default-libstdcxx-abi=new --enable-gnu-unique-object --disable-vtable-verify --enable-plugin --enable-default-pie --with-system-zlib --with-target-system-zlib=auto --enable-objc-gc=auto --enable-multiarch --disable-werror --with-arch-32=i686 --with-abi=m64 --with-multilib-list=m32,m64,mx32 --enable-multilib --with-tune=generic --enable-offload-targets=nvptx-none=/build/gcc-9-HskZEa/gcc-9-9.3.0/debian/tmp-nvptx/usr,hsa --without-cuda-driver --enable-checking=release --build=x86_64-linux-gnu --host=x86_64-linux-gnu --target=x86_64-linux-gnu
Thread model: posix
gcc version 9.3.0 (Ubuntu 9.3.0-17ubuntu1~20.04) 
configure:2740: $? = 0
configure:2742: g++ -V </dev/null >&5
g++: error: unrecognized command line option '-V'
g++: fatal error: no input files
compilation terminated.
configure:2745: $? = 1
configure:2748: checking whether we are using the GNU C++ compiler
configure:2772: g++ -c   conftest.cc >&5
configure:2778: $? = 0
configure:2782: test -z 
			 || test ! -s conftest.err
configure:2785: $? = 0
configure:2788: test -s conftest.o
configure:2791: $? = 0
configure:2804: result: yes
configure:2810: checking whether g++ accepts -g
configure:2831: g++ -c -g  conftest.cc >&5
configure:2837: $? = 0
configure:2841: test -z 
			 || test ! -s conftest.err
configure:2844: $? = 0
configure:2847: test -s conftest.o
configure:2850: $? = 0
configure:2861: result: yes
configure:2903: g++ -c -g -O2  conftest.cc >&5
configure:2909: $? = 0
configure:2913: test -z 
			 || test ! -s conftest.err
configure:2916: $? = 0
configure:2919: test -s conftest.o
configure:2922: $? = 0
configure:2948: g++ -c -g -O2  conftest.cc >&5
conftest.cc: In function 'int main()':
conftest.cc:15:1: error: 'exit' was not declared in this scope
   15 | exit (42);
      | ^~~~
configure:2954: $? = 1
configure: failed program was:
| /* confdefs.h.  */
| 
| #define PACKAGE_NAME ""
| #define PACKAGE_TARNAME ""
| #define PACKAGE_VERSION ""
| #define PACKAGE_STRING ""
| #define PACKAGE_BUGREPORT ""
| #define PACKAGE "libgadu"
| #define VERSION "0.1"
| /* end confdefs.h.  */
| 
| int
| main ()
| {
| exit (42);
|   ;
|   return 0;
| }
configure:2903: g++ -c -g -O2  conftest.cc >&5
configure:2909: $? = 0
configure:2913: test -z 
			 || test ! -s conftest.err
configure:2916: $? = 0
configure:2919: test -s conftest.o
configure:2922: $? = 0
configure:2948: g++ -c -g -O2  conftest.cc >&5
configure:2954: $? = 0
configure:2958: test -z 
			 || test ! -s conftest.err
configure:2961: $? = 0
configure:2964: test -s conftest.o
configure:2967: $? = 0
configure:3019: checking for OpenSSL
configure:3237: result: not found or disabled
configure:3257: checking for libgnutls-extra-config
configure:3288: result: no
configure:3296: checking for libgnutls - version >= 0.0.1
configure:3419: result: no
configure:3512: checking endianness
configure:3543: gcc -c -g -O2  conftest.c >&5
configure:3549: $? = 0
configure:3553: test -z 
			 || test ! -s conftest.err
configure:3556: $? = 0
configure:3559: test -s conftest.o
configure:3562: $? = 0
configure:3580: result: little
configure:3588: checking how to run the C preprocessor
configure:3623: gcc -E  conftest.c
configure:3629: $? = 0
configure:3661: gcc -E  conftest.c
conftest.c:14:10: fatal error: ac_nonexistent.h: No such file or directory
   14 | #include <ac_nonexistent.h>
      |          ^~~~~~~~~~~~~~~~~~
compilation terminated.
configure:3667: $? = 1
configure: failed program was:
| /* confdefs.h.  */
| 
| #define PACKAGE_NAME ""
| #define PACKAGE_TARNAME ""
| #define PACKAGE_VERSION ""
| #define PACKAGE_STRING ""
| #define PACKAGE_BUGREPORT ""
| #define PACKAGE "libgadu"
| #define VERSION "0.1"
| #ifdef __cplusplus
| extern "C" void std::exit (int) throw (); using std::exit;
| #endif
| /* end confdefs.h.  */
| #include <ac_nonexistent.h>
configure:3706: result: gcc -E
configure:3730: gcc -E  conftest.c
configure:3736: $? = 0
configure:3768: gcc -E  conftest.c
conftest.c:14:10: fatal error: ac_nonexistent.h: No such file or directory
   14 | #include <ac_nonexistent.h>
      |          ^~~~~~~~~~~~~~~~~~
compilation terminated.
configure:3774: $? = 1
configure: failed program was:
| /* confdefs.h.  */
| 
| #define PACKAGE_NAME ""
| #define PACKAGE_TARNAME ""
| #define PACKAGE_VERSION ""
| #define PACKAGE_STRING ""
| #define PACKAGE_BUGREPORT ""
| #define PACKAGE "libgadu"
| #define VERSION "0.1"
| #ifdef __cplusplus
| extern "C" void std::exit (int) throw (); using std::exit;
| #endif
| /* end confdefs.h.  */
| #include <ac_nonexistent.h>
configure:3818: checking for egrep
configure:3828: result: grep -E
configure:3833: checking for ANSI C header files
configure:3858: gcc -c -g -O2  conftest.c >&5
configure:3864: $? = 0
configure:3868: test -z 
			 || test ! -s conftest.err
configure:3871: $? = 0
configure:3874: test -s conftest.o
configure:3877: $? = 0
configure:3966: gcc -o conftest -g -O2   conftest.c  >&5
conftest.c: In function 'main':
conftest.c:31:7: warning: implicit declaration of function 'exit' [-Wimplicit-function-declaration]
   31 |       exit(2);
      |       ^~~~
conftest.c:31:7: warning: incompatible implicit declaration of built-in function 'exit'
conftest.c:15:1: note: include '<stdlib.h>' or provide a declaration of 'exit'
   14 | #include <ctype.h>
  +++ |+#include <stdlib.h>
   15 | #if ((' ' & 0x0FF) == 0x020)
conftest.c:32:3: warning: incompatible implicit declaration of built-in function 'exit'
   32 |   exit (0);
      |   ^~~~
conftest.c:32:3: note: include '<stdlib.h>' or provide a declaration of 'exit'
configure:3969: $? = 0
configure:3971: ./conftest
configure:3974: $? = 0
configure:3989: result: yes
configure:4013: checking for sys/types.h
configure:4029: gcc -c -g -O2  conftest.c >&5
configure:4035: $? = 0
configure:4039: test -z 
			 || test ! -s conftest.err
configure:4042: $? = 0
configure:4045: test -s conftest.o
configure:4048: $? = 0
configure:4059: result: yes
configure:4013: checking for sys/stat.h
configure:4029: gcc -c -g -O2  conftest.c >&5
configure:4035: $? = 0
configure:4039: test -z 
			 || test ! -s conftest.err
configure:4042: $? = 0
configure:4045: test -s conftest.o
configure:4048: $? = 0
configure:4059: result: yes
configure:4013: checking for stdlib.h
configure:4029: gcc -c -g -O2  conftest.c >&5
configure:4035: $? = 0
configure:4039: test -z 
			 || test ! -s conftest.err
configure:4042: $? = 0
configure:4045: test -s conftest.o
configure:4048: $? = 0
configure:4059: result: yes
configure:4013: checking for string.h
configure:4029: gcc -c -g -O2  conftest.c >&5
configure:4035: $? = 0
configure:4039: test -z 
			 || test ! -s conftest.err
configure:4042: $? = 0
configure:4045: test -s conftest.o
configure:4048: $? = 0
configure:4059: result: yes
configure:4013: checking for memory.h
configure:4029: gcc -c -g -O2  conftest.c >&5
configure:4035: $? = 0
configure:4039: test -z 
			 || test ! -s conftest.err
configure:4042: $? = 0
configure:4045: test -s conftest.o
configure:4048: $? = 0
configure:4059: result: yes
configure:4013: checking for strings.h
configure:4029: gcc -c -g -O2  conftest.c >&5
configure:4035: $? = 0
configure:4039: test -z 
			 || test ! -s conftest.err
configure:4042: $? = 0
configure:4045: test -s conftest.o
configure:4048: $? = 0
configure:4059: result: yes
configure:4013: checking for inttypes.h
configure:4029: gcc -c -g -O2  conftest.c >&5
configure:4035: $? = 0
configure:4039: test -z 
			 || test ! -s conftest.err
configure:4042: $? = 0
configure:4045: test -s conftest.o
configure:4048: $? = 0
configure:4059: result: yes
configure:4013: checking for stdint.h
configure:4029: gcc -c -g -O2  conftest.c >&5
configure:4035: $? = 0
configure:4039: test -z 
			 || test ! -s conftest.err
configure:4042: $? = 0
configure:4045: test -s conftest.o
configure:4048: $? = 0
configure:4059: result: yes
configure:4013: checking for unistd.h
configure:4029: gcc -c -g -O2  conftest.c >&5
configure:4035: $? = 0
configure:4039: test -z 
			 || test ! -s conftest.err
configure:4042: $? = 0
configure:4045: test -s conftest.o
configure:4048: $? = 0
configure:4059: result: yes
configure:4077: checking for stdint.h
configure:4082: result: yes
configure:4077: checking for sys/types.h
configure:4082: result: yes
configure:2875: creating ./config.status

## ---------------------- ##
## Running config.status. ##
## ---------------------- ##

This file was extended by config.status, which was
generated by GNU Autoconf 2.59.  Invocation command line was

  CONFIG_FILES    = 
  CONFIG_HEADERS  = 
  CONFIG_LINKS    = 
  CONFIG_COMMANDS = 
  $ ./config.status 

on rnks-vm

config.status:645: creating Makefile

## ---------------- ##
## Cache variables. ##
## ---------------- ##

ac_cv_c_compiler_gnu=yes
ac_cv_cxx_compiler_gnu=yes
ac_cv_env_CC_set=
ac_cv_env_CC_value=
ac_cv_env_CFLAGS_set=
ac_cv_env_CFLAGS_value=
ac_cv_env_CPPFLAGS_set=
ac_cv_env_CPPFLAGS_value=
ac_cv_env_CPP_set=
ac_cv_env_CPP_value=
ac_cv_env_CXXFLAGS_set=
ac_cv_env_CXXFLAGS_value=
ac_cv_env_CXX_set=
ac_cv_env_CXX_value=
ac_cv_env_LDFLAGS_set=
ac_cv_env_LDFLAGS_value=
ac_cv_env_build_alias_set=
ac_cv_env_build_alias_value=
ac_cv_env_host_alias_set=
ac_cv_env_host_alias_value=
ac_cv_env_target_alias_set=
ac_cv_env_target_alias_value=
ac_cv_exeext=
ac_cv_header_inttypes_h=yes
ac_cv_header_memory_h=yes
ac_cv_header_stdc=yes
ac_cv_header_stdint_h=yes
ac_cv_header_stdlib_h=yes
ac_cv_header_string_h=yes
ac_cv_header_strings_h=yes
ac_cv_header_sys_stat_h=yes
ac_cv_header_sys_types_h=yes
ac_cv_header_unistd_h=yes
ac_cv_objext=o
ac_cv_path_LIBGNUTLS_EXTRA_CONFIG=no
ac_cv_path_install='/usr/bin/install -c'
ac_cv_prog_CPP='gcc -E'
ac_cv_prog_ac_ct_CC=gcc
ac_cv_prog_ac_ct_CXX=g++
ac_cv_prog_ac_ct_RANLIB=ranlib
ac_cv_prog_cc_g=yes
ac_cv_prog_cc_stdc=
ac_cv_prog_cxx_g=yes
ac_cv_prog_egrep='grep -E'
ac_cv_prog_make_make_set=yes

## ----------------- ##
## Output variables. ##
## ----------------- ##

ACLOCAL='/media/sf_BS_II/centericq-4.21.0/libgadu-0.1/missing aclocal-1.4'
AUTOCONF='autoconf'
AUTOHEADER='autoheader'
AUTOMAKE='/media/sf_BS_II/centericq-4.21.0/libgadu-0.1/missing automake-1.4'
BUILD_GADU_FALSE='#'
BUILD_GADU_TRUE=''
CC='gcc'
CFLAGS='-g -O2'
CPP='gcc -E'
CPPFLAGS=''
CXX='g++'
CXXFLAGS='-g -O2'
DEFS='-DPACKAGE_NAME=\"\" -DPACKAGE_TARNAME=\"\" -DPACKAGE_VERSION=\"\" -DPACKAGE_STRING=\"\" -DPACKAGE_BUGREPORT=\"\" -DPACKAGE=\"libgadu\" -DVERSION=\"0.1\" -DSTDC_HEADERS=1 -DHAVE_SYS_TYPES_H=1 -DHAVE_SYS_STAT_H=1 -DHAVE_STDLIB_H=1 -DHAVE_STRING_H=1 -DHAVE_MEMORY_H=1 -DHAVE_STRINGS_H=1 -DHAVE_INTTYPES_H=1 -DHAVE_STDINT_H=1 -DHAVE_UNISTD_H=1 -DHAVE_STDINT_H=1 -DHAVE_SYS_TYPES_H=1 '
ECHO_C=''
ECHO_N='-n'
ECHO_T=''
EGREP='grep -E'
EXEEXT=''
INSTALL_DATA='${INSTALL} -m 644'
INSTALL_PROGRAM='${INSTALL}'
INSTALL_SCRIPT='${INSTALL}'
LDFLAGS=''
LIBGNUTLS_EXTRA_CFLAGS=''
LIBGNUTLS_EXTRA_CONFIG='no'
LIBGNUTLS_EXTRA_LIBS=''
LIBOBJS=''
LIBS=''
LTLIBOBJS=''
MAKEINFO='/media/sf_BS_II/centericq-4.21.0/libgadu-0.1/missing makeinfo'
OBJEXT='o'
PACKAGE='libgadu'
PACKAGE_BUGREPORT=''
PACKAGE_NAME=''
PACKAGE_STRING=''
PACKAGE_TARNAME=''
PACKAGE_VERSION=''
PATH_SEPARATOR=':'
RANLIB='ranlib'
SET_MAKE=''
SHELL='/bin/bash'
VERSION='0.1'
ac_ct_CC='gcc'
ac_ct_CXX='g++'
ac_ct_RANLIB='ranlib'
bindir='${exec_prefix}/bin'
build_alias=''
datadir='${prefix}/share'
exec_prefix='${prefix}'
host_alias=''
includedir='${prefix}/include'
infodir='${prefix}/info'
libdir='${exec_prefix}/lib'
libexecdir='${exec_prefix}/libexec'
localstatedir='${prefix}/var'
mandir='${prefix}/man'
oldincludedir='/usr/include'
prefix='/usr/local'
program_transform_name='s,x,x,'
sbindir='${exec_prefix}/sbin'
sharedstatedir='${prefix}/com'
sysconfdir='${prefix}/etc'
target_alias=''

## ----------- ##
## confdefs.h. ##
## ----------- ##

#define HAVE_INTTYPES_H 1
#define HAVE_MEMORY_H 1
#define HAVE_STDINT_H 1
#define HAVE_STDINT_H 1
#define HAVE_STDLIB_H 1
#define HAVE_STRINGS_H 1
#define HAVE_STRING_H 1
#define HAVE_SYS_STAT_H 1
#define HAVE_SYS_TYPES_H 1
#define HAVE_SYS_TYPES_H 1
#define HAVE_UNISTD_H 1
#define PACKAGE "libgadu"
#define PACKAGE_BUGREPORT ""
#define PACKAGE_NAME ""
#define PACKAGE_STRING ""
#define PACKAGE_TARNAME ""
#define PACKAGE_VERSION ""
#define STDC_HEADERS 1
#define VERSION "0.1"
#endif
#ifdef __cplusplus
extern "C" void std::exit (int) throw (); using std::exit;

configure: exit 0
