This file contains any messages produced by compilers while
running configure, to aid debugging if configure makes a mistake.

It was created by configure, which was
generated by GNU Autoconf 2.59.  Invocation command line was

  $ ./configure 

## --------- ##
## Platform. ##
## --------- ##

hostname = student-VirtualBox
uname -m = x86_64
uname -r = 5.4.0-21-generic
uname -s = Linux
uname -v = #25-Ubuntu SMP Sat Mar 28 13:10:28 UTC 2020

/usr/bin/uname -p = x86_64
/bin/uname -X     = unknown

/bin/arch              = x86_64
/usr/bin/arch -k       = unknown
/usr/convex/getsysinfo = unknown
hostinfo               = unknown
/bin/machine           = unknown
/usr/bin/oslevel       = unknown
/bin/universe          = unknown

PATH: /usr/local/sbin
PATH: /usr/local/bin
PATH: /usr/sbin
PATH: /usr/bin
PATH: /sbin
PATH: /bin
PATH: /usr/games
PATH: /usr/local/games
PATH: /snap/bin


## ----------- ##
## Core tests. ##
## ----------- ##

configure:1386: checking for a BSD-compatible install
configure:1441: result: /usr/bin/install -c
configure:1452: checking whether build environment is sane
configure:1495: result: yes
configure:1510: checking whether make sets $(MAKE)
configure:1530: result: yes
configure:1562: checking for working aclocal-1.4
configure:1573: result: missing
configure:1577: checking for working autoconf
configure:1584: result: found
configure:1592: checking for working automake-1.4
configure:1603: result: missing
configure:1607: checking for working autoheader
configure:1614: result: found
configure:1622: checking for working makeinfo
configure:1633: result: missing
configure:1645: checking build system type
configure:1663: result: x86_64-unknown-linux-gnu
configure:1671: checking host system type
configure:1685: result: x86_64-unknown-linux-gnu
configure:1740: checking for gcc
configure:1756: found /usr/bin/gcc
configure:1766: result: gcc
configure:2010: checking for C compiler version
configure:2013: gcc --version </dev/null >&5
gcc (Ubuntu 9.3.0-17ubuntu1~20.04) 9.3.0
Copyright (C) 2019 Free Software Foundation, Inc.
This is free software; see the source for copying conditions.  There is NO
warranty; not even for MERCHANTABILITY or FITNESS FOR A PARTICULAR PURPOSE.

configure:2016: $? = 0
configure:2018: gcc -v </dev/null >&5
Using built-in specs.
COLLECT_GCC=gcc
COLLECT_LTO_WRAPPER=/usr/lib/gcc/x86_64-linux-gnu/9/lto-wrapper
OFFLOAD_TARGET_NAMES=nvptx-none:hsa
OFFLOAD_TARGET_DEFAULT=1
Target: x86_64-linux-gnu
Configured with: ../src/configure -v --with-pkgversion='Ubuntu 9.3.0-17ubuntu1~20.04' --with-bugurl=file:///usr/share/doc/gcc-9/README.Bugs --enable-languages=c,ada,c++,go,brig,d,fortran,objc,obj-c++,gm2 --prefix=/usr --with-gcc-major-version-only --program-suffix=-9 --program-prefix=x86_64-linux-gnu- --enable-shared --enable-linker-build-id --libexecdir=/usr/lib --without-included-gettext --enable-threads=posix --libdir=/usr/lib --enable-nls --enable-clocale=gnu --enable-libstdcxx-debug --enable-libstdcxx-time=yes --with-default-libstdcxx-abi=new --enable-gnu-unique-object --disable-vtable-verify --enable-plugin --enable-default-pie --with-system-zlib --with-target-system-zlib=auto --enable-objc-gc=auto --enable-multiarch --disable-werror --with-arch-32=i686 --with-abi=m64 --with-multilib-list=m32,m64,mx32 --enable-multilib --with-tune=generic --enable-offload-targets=nvptx-none=/build/gcc-9-HskZEa/gcc-9-9.3.0/debian/tmp-nvptx/usr,hsa --without-cuda-driver --enable-checking=release --build=x86_64-linux-gnu --host=x86_64-linux-gnu --target=x86_64-linux-gnu
Thread model: posix
gcc version 9.3.0 (Ubuntu 9.3.0-17ubuntu1~20.04) 
configure:2021: $? = 0
configure:2023: gcc -V </dev/null >&5
gcc: error: unrecognized command line option '-V'
gcc: fatal error: no input files
compilation terminated.
configure:2026: $? = 1
configure:2049: checking for C compiler default output file name
configure:2052: gcc    conftest.c  >&5
configure:2055: $? = 0
configure:2101: result: a.out
configure:2106: checking whether the C compiler works
configure:2112: ./a.out
./configure: line 2113: ./a.out: Permission denied
configure:2115: $? = 126
configure:2124: error: cannot run C compiled programs.
If you meant to cross compile, use `--host'.
See `config.log' for more details.

## ---------------- ##
## Cache variables. ##
## ---------------- ##

ac_cv_build=x86_64-unknown-linux-gnu
ac_cv_build_alias=x86_64-unknown-linux-gnu
ac_cv_env_CC_set=
ac_cv_env_CC_value=
ac_cv_env_CFLAGS_set=
ac_cv_env_CFLAGS_value=
ac_cv_env_CPPFLAGS_set=
ac_cv_env_CPPFLAGS_value=
ac_cv_env_CPP_set=
ac_cv_env_CPP_value=
ac_cv_env_CXXCPP_set=
ac_cv_env_CXXCPP_value=
ac_cv_env_CXXFLAGS_set=
ac_cv_env_CXXFLAGS_value=
ac_cv_env_CXX_set=
ac_cv_env_CXX_value=
ac_cv_env_LDFLAGS_set=
ac_cv_env_LDFLAGS_value=
ac_cv_env_build_alias_set=
ac_cv_env_build_alias_value=
ac_cv_env_host_alias_set=
ac_cv_env_host_alias_value=
ac_cv_env_target_alias_set=
ac_cv_env_target_alias_value=
ac_cv_exeext=
ac_cv_host=x86_64-unknown-linux-gnu
ac_cv_host_alias=x86_64-unknown-linux-gnu
ac_cv_path_install='/usr/bin/install -c'
ac_cv_prog_ac_ct_CC=gcc
ac_cv_prog_make_make_set=yes

## ----------------- ##
## Output variables. ##
## ----------------- ##

ACLOCAL='/mnt/shared/repo/bs2/centericq-4.21.0/missing aclocal-1.4'
ALLOCA=''
AUTOCONF='autoconf'
AUTOHEADER='autoheader'
AUTOMAKE='/mnt/shared/repo/bs2/centericq-4.21.0/missing automake-1.4'
BUILD_AIM_FALSE=''
BUILD_AIM_TRUE=''
BUILD_GADU_FALSE=''
BUILD_GADU_TRUE=''
BUILD_INCLUDED_LIBINTL=''
BUILD_IRC_FALSE=''
BUILD_IRC_TRUE=''
BUILD_JABBER_FALSE=''
BUILD_JABBER_TRUE=''
BUILD_LJ_FALSE=''
BUILD_LJ_TRUE=''
BUILD_MSN_FALSE=''
BUILD_MSN_TRUE=''
BUILD_RSS_FALSE=''
BUILD_RSS_TRUE=''
BUILD_YAHOO_FALSE=''
BUILD_YAHOO_TRUE=''
CATOBJEXT=''
CC='gcc'
CFLAGS=''
CPP=''
CPPFLAGS=''
CURL_CONFIG=''
CXX=''
CXXCPP=''
CXXFLAGS=''
DATADIRNAME=''
DEFS=''
ECHO_C=''
ECHO_N='-n'
ECHO_T=''
EGREP=''
EXEEXT=''
GENCAT=''
GLIBC21=''
GLIBC2=''
GMSGFMT=''
GPGME_CONFIG=''
HAVE_ASPRINTF=''
HAVE_POSIX_PRINTF=''
HAVE_SNPRINTF=''
HAVE_WPRINTF=''
INSTALL_DATA='${INSTALL} -m 644'
INSTALL_PROGRAM='${INSTALL}'
INSTALL_SCRIPT='${INSTALL}'
INSTOBJEXT=''
INTLBISON=''
INTLLIBS=''
INTLOBJS=''
INTL_LIBTOOL_SUFFIX_PREFIX=''
INTL_MACOSX_LIBS=''
LDFLAGS=''
LIBGNUTLS_EXTRA_CFLAGS=''
LIBGNUTLS_EXTRA_CONFIG=''
LIBGNUTLS_EXTRA_LIBS=''
LIBICONV=''
LIBINTL=''
LIBOBJS=''
LIBS=''
LTLIBICONV=''
LTLIBINTL=''
LTLIBOBJS=''
MAKEINFO='/mnt/shared/repo/bs2/centericq-4.21.0/missing makeinfo'
MKINSTALLDIRS=''
MSGFMT=''
MSGMERGE=''
OBJEXT=''
PACKAGE='centericq'
PACKAGE_BUGREPORT=''
PACKAGE_NAME=''
PACKAGE_STRING=''
PACKAGE_TARNAME=''
PACKAGE_VERSION=''
PATH_SEPARATOR=':'
POSUB=''
RANLIB=''
SET_MAKE=''
SHELL='/bin/bash'
USE_INCLUDED_LIBINTL=''
USE_NLS=''
VERSION='4.21.0'
XGETTEXT=''
ac_ct_CC='gcc'
ac_ct_CXX=''
ac_ct_RANLIB=''
bindir='${exec_prefix}/bin'
build='x86_64-unknown-linux-gnu'
build_alias=''
build_cpu='x86_64'
build_os='linux-gnu'
build_vendor='unknown'
datadir='${prefix}/share'
exec_prefix='NONE'
host='x86_64-unknown-linux-gnu'
host_alias=''
host_cpu='x86_64'
host_os='linux-gnu'
host_vendor='unknown'
includedir='${prefix}/include'
infodir='${prefix}/info'
libdir='${exec_prefix}/lib'
libexecdir='${exec_prefix}/libexec'
localstatedir='${prefix}/var'
mandir='${prefix}/man'
oldincludedir='/usr/include'
prefix='NONE'
program_transform_name='s,x,x,'
sbindir='${exec_prefix}/sbin'
sharedstatedir='${prefix}/com'
subdirs=''
sysconfdir='${prefix}/etc'
target_alias=''

## ----------- ##
## confdefs.h. ##
## ----------- ##

#define PACKAGE "centericq"
#define PACKAGE_BUGREPORT ""
#define PACKAGE_NAME ""
#define PACKAGE_STRING ""
#define PACKAGE_TARNAME ""
#define PACKAGE_VERSION ""
#define VERSION "4.21.0"

configure: exit 1
