This file contains any messages produced by compilers while
running configure, to aid debugging if configure makes a mistake.

It was created by configure, which was
generated by GNU Autoconf 2.59.  Invocation command line was

  $ ./configure --prefix=/usr/local --disable-msn --cache-file=/dev/null --srcdir=.

## --------- ##
## Platform. ##
## --------- ##

hostname = rnks-vm
uname -m = x86_64
uname -r = 5.8.0-44-generic
uname -s = Linux
uname -v = #50~20.04.1-Ubuntu SMP Wed Feb 10 21:07:30 UTC 2021

/usr/bin/uname -p = x86_64
/bin/uname -X     = unknown

/bin/arch              = x86_64
/usr/bin/arch -k       = unknown
/usr/convex/getsysinfo = unknown
hostinfo               = unknown
/bin/machine           = unknown
/usr/bin/oslevel       = unknown
/bin/universe          = unknown

PATH: /usr/local/sbin
PATH: /usr/local/bin
PATH: /usr/sbin
PATH: /usr/bin
PATH: /sbin
PATH: /bin
PATH: /usr/games
PATH: /usr/local/games
PATH: /snap/bin


## ----------- ##
## Core tests. ##
## ----------- ##

configure:1345: checking for a BSD-compatible install
configure:1400: result: /usr/bin/install -c
configure:1411: checking whether build environment is sane
configure:1454: result: yes
configure:1469: checking whether make sets $(MAKE)
configure:1489: result: yes
configure:1521: checking for working aclocal-1.4
configure:1532: result: missing
configure:1536: checking for working autoconf
configure:1543: result: found
configure:1551: checking for working automake-1.4
configure:1562: result: missing
configure:1566: checking for working autoheader
configure:1573: result: found
configure:1581: checking for working makeinfo
configure:1592: result: missing
configure:1639: checking for ranlib
configure:1655: found /usr/bin/ranlib
configure:1666: result: ranlib
configure:1724: checking for gcc
configure:1740: found /usr/bin/gcc
configure:1750: result: gcc
configure:1994: checking for C compiler version
configure:1997: gcc --version </dev/null >&5
gcc (Ubuntu 9.3.0-17ubuntu1~20.04) 9.3.0
Copyright (C) 2019 Free Software Foundation, Inc.
This is free software; see the source for copying conditions.  There is NO
warranty; not even for MERCHANTABILITY or FITNESS FOR A PARTICULAR PURPOSE.

configure:2000: $? = 0
configure:2002: gcc -v </dev/null >&5
Using built-in specs.
COLLECT_GCC=gcc
COLLECT_LTO_WRAPPER=/usr/lib/gcc/x86_64-linux-gnu/9/lto-wrapper
OFFLOAD_TARGET_NAMES=nvptx-none:hsa
OFFLOAD_TARGET_DEFAULT=1
Target: x86_64-linux-gnu
Configured with: ../src/configure -v --with-pkgversion='Ubuntu 9.3.0-17ubuntu1~20.04' --with-bugurl=file:///usr/share/doc/gcc-9/README.Bugs --enable-languages=c,ada,c++,go,brig,d,fortran,objc,obj-c++,gm2 --prefix=/usr --with-gcc-major-version-only --program-suffix=-9 --program-prefix=x86_64-linux-gnu- --enable-shared --enable-linker-build-id --libexecdir=/usr/lib --without-included-gettext --enable-threads=posix --libdir=/usr/lib --enable-nls --enable-clocale=gnu --enable-libstdcxx-debug --enable-libstdcxx-time=yes --with-default-libstdcxx-abi=new --enable-gnu-unique-object --disable-vtable-verify --enable-plugin --enable-default-pie --with-system-zlib --with-target-system-zlib=auto --enable-objc-gc=auto --enable-multiarch --disable-werror --with-arch-32=i686 --with-abi=m64 --with-multilib-list=m32,m64,mx32 --enable-multilib --with-tune=generic --enable-offload-targets=nvptx-none=/build/gcc-9-HskZEa/gcc-9-9.3.0/debian/tmp-nvptx/usr,hsa --without-cuda-driver --enable-checking=release --build=x86_64-linux-gnu --host=x86_64-linux-gnu --target=x86_64-linux-gnu
Thread model: posix
gcc version 9.3.0 (Ubuntu 9.3.0-17ubuntu1~20.04) 
configure:2005: $? = 0
configure:2007: gcc -V </dev/null >&5
gcc: error: unrecognized command line option '-V'
gcc: fatal error: no input files
compilation terminated.
configure:2010: $? = 1
configure:2033: checking for C compiler default output file name
configure:2036: gcc    conftest.c  >&5
configure:2039: $? = 0
configure:2085: result: a.out
configure:2090: checking whether the C compiler works
configure:2096: ./a.out
configure:2099: $? = 0
configure:2116: result: yes
configure:2123: checking whether we are cross compiling
configure:2125: result: no
configure:2128: checking for suffix of executables
configure:2130: gcc -o conftest    conftest.c  >&5
configure:2133: $? = 0
configure:2158: result: 
configure:2164: checking for suffix of object files
configure:2185: gcc -c   conftest.c >&5
configure:2188: $? = 0
configure:2210: result: o
configure:2214: checking whether we are using the GNU C compiler
configure:2238: gcc -c   conftest.c >&5
configure:2244: $? = 0
configure:2248: test -z 
			 || test ! -s conftest.err
configure:2251: $? = 0
configure:2254: test -s conftest.o
configure:2257: $? = 0
configure:2270: result: yes
configure:2276: checking whether gcc accepts -g
configure:2297: gcc -c -g  conftest.c >&5
configure:2303: $? = 0
configure:2307: test -z 
			 || test ! -s conftest.err
configure:2310: $? = 0
configure:2313: test -s conftest.o
configure:2316: $? = 0
configure:2327: result: yes
configure:2344: checking for gcc option to accept ANSI C
configure:2414: gcc  -c -g -O2  conftest.c >&5
configure:2420: $? = 0
configure:2424: test -z 
			 || test ! -s conftest.err
configure:2427: $? = 0
configure:2430: test -s conftest.o
configure:2433: $? = 0
configure:2451: result: none needed
configure:2469: gcc -c -g -O2  conftest.c >&5
conftest.c:2:3: error: unknown type name 'choke'
    2 |   choke me
      |   ^~~~~
conftest.c:2:3: error: expected '=', ',', ';', 'asm' or '__attribute__' at end of input
configure:2475: $? = 1
configure: failed program was:
| #ifndef __cplusplus
|   choke me
| #endif
configure:2687: checking for g++
configure:2703: found /usr/bin/g++
configure:2713: result: g++
configure:2729: checking for C++ compiler version
configure:2732: g++ --version </dev/null >&5
g++ (Ubuntu 9.3.0-17ubuntu1~20.04) 9.3.0
Copyright (C) 2019 Free Software Foundation, Inc.
This is free software; see the source for copying conditions.  There is NO
warranty; not even for MERCHANTABILITY or FITNESS FOR A PARTICULAR PURPOSE.

configure:2735: $? = 0
configure:2737: g++ -v </dev/null >&5
Using built-in specs.
COLLECT_GCC=g++
COLLECT_LTO_WRAPPER=/usr/lib/gcc/x86_64-linux-gnu/9/lto-wrapper
OFFLOAD_TARGET_NAMES=nvptx-none:hsa
OFFLOAD_TARGET_DEFAULT=1
Target: x86_64-linux-gnu
Configured with: ../src/configure -v --with-pkgversion='Ubuntu 9.3.0-17ubuntu1~20.04' --with-bugurl=file:///usr/share/doc/gcc-9/README.Bugs --enable-languages=c,ada,c++,go,brig,d,fortran,objc,obj-c++,gm2 --prefix=/usr --with-gcc-major-version-only --program-suffix=-9 --program-prefix=x86_64-linux-gnu- --enable-shared --enable-linker-build-id --libexecdir=/usr/lib --without-included-gettext --enable-threads=posix --libdir=/usr/lib --enable-nls --enable-clocale=gnu --enable-libstdcxx-debug --enable-libstdcxx-time=yes --with-default-libstdcxx-abi=new --enable-gnu-unique-object --disable-vtable-verify --enable-plugin --enable-default-pie --with-system-zlib --with-target-system-zlib=auto --enable-objc-gc=auto --enable-multiarch --disable-werror --with-arch-32=i686 --with-abi=m64 --with-multilib-list=m32,m64,mx32 --enable-multilib --with-tune=generic --enable-offload-targets=nvptx-none=/build/gcc-9-HskZEa/gcc-9-9.3.0/debian/tmp-nvptx/usr,hsa --without-cuda-driver --enable-checking=release --build=x86_64-linux-gnu --host=x86_64-linux-gnu --target=x86_64-linux-gnu
Thread model: posix
gcc version 9.3.0 (Ubuntu 9.3.0-17ubuntu1~20.04) 
configure:2740: $? = 0
configure:2742: g++ -V </dev/null >&5
g++: error: unrecognized command line option '-V'
g++: fatal error: no input files
compilation terminated.
configure:2745: $? = 1
configure:2748: checking whether we are using the GNU C++ compiler
configure:2772: g++ -c   conftest.cc >&5
configure:2778: $? = 0
configure:2782: test -z 
			 || test ! -s conftest.err
configure:2785: $? = 0
configure:2788: test -s conftest.o
configure:2791: $? = 0
configure:2804: result: yes
configure:2810: checking whether g++ accepts -g
configure:2831: g++ -c -g  conftest.cc >&5
configure:2837: $? = 0
configure:2841: test -z 
			 || test ! -s conftest.err
configure:2844: $? = 0
configure:2847: test -s conftest.o
configure:2850: $? = 0
configure:2861: result: yes
configure:2903: g++ -c -g -O2  conftest.cc >&5
configure:2909: $? = 0
configure:2913: test -z 
			 || test ! -s conftest.err
configure:2916: $? = 0
configure:2919: test -s conftest.o
configure:2922: $? = 0
configure:2948: g++ -c -g -O2  conftest.cc >&5
conftest.cc: In function 'int main()':
conftest.cc:15:1: error: 'exit' was not declared in this scope
   15 | exit (42);
      | ^~~~
configure:2954: $? = 1
configure: failed program was:
| /* confdefs.h.  */
| 
| #define PACKAGE_NAME ""
| #define PACKAGE_TARNAME ""
| #define PACKAGE_VERSION ""
| #define PACKAGE_STRING ""
| #define PACKAGE_BUGREPORT ""
| #define PACKAGE "firetalk"
| #define VERSION "0.1"
| /* end confdefs.h.  */
| 
| int
| main ()
| {
| exit (42);
|   ;
|   return 0;
| }
configure:2903: g++ -c -g -O2  conftest.cc >&5
configure:2909: $? = 0
configure:2913: test -z 
			 || test ! -s conftest.err
configure:2916: $? = 0
configure:2919: test -s conftest.o
configure:2922: $? = 0
configure:2948: g++ -c -g -O2  conftest.cc >&5
configure:2954: $? = 0
configure:2958: test -z 
			 || test ! -s conftest.err
configure:2961: $? = 0
configure:2964: test -s conftest.o
configure:2967: $? = 0
configure:2997: checking how to run the C preprocessor
configure:3032: gcc -E  conftest.c
configure:3038: $? = 0
configure:3070: gcc -E  conftest.c
conftest.c:14:10: fatal error: ac_nonexistent.h: No such file or directory
   14 | #include <ac_nonexistent.h>
      |          ^~~~~~~~~~~~~~~~~~
compilation terminated.
configure:3076: $? = 1
configure: failed program was:
| /* confdefs.h.  */
| 
| #define PACKAGE_NAME ""
| #define PACKAGE_TARNAME ""
| #define PACKAGE_VERSION ""
| #define PACKAGE_STRING ""
| #define PACKAGE_BUGREPORT ""
| #define PACKAGE "firetalk"
| #define VERSION "0.1"
| #ifdef __cplusplus
| extern "C" void std::exit (int) throw (); using std::exit;
| #endif
| /* end confdefs.h.  */
| #include <ac_nonexistent.h>
configure:3115: result: gcc -E
configure:3139: gcc -E  conftest.c
configure:3145: $? = 0
configure:3177: gcc -E  conftest.c
conftest.c:14:10: fatal error: ac_nonexistent.h: No such file or directory
   14 | #include <ac_nonexistent.h>
      |          ^~~~~~~~~~~~~~~~~~
compilation terminated.
configure:3183: $? = 1
configure: failed program was:
| /* confdefs.h.  */
| 
| #define PACKAGE_NAME ""
| #define PACKAGE_TARNAME ""
| #define PACKAGE_VERSION ""
| #define PACKAGE_STRING ""
| #define PACKAGE_BUGREPORT ""
| #define PACKAGE "firetalk"
| #define VERSION "0.1"
| #ifdef __cplusplus
| extern "C" void std::exit (int) throw (); using std::exit;
| #endif
| /* end confdefs.h.  */
| #include <ac_nonexistent.h>
configure:3227: checking for egrep
configure:3237: result: grep -E
configure:3242: checking for ANSI C header files
configure:3267: gcc -c -g -O2  conftest.c >&5
configure:3273: $? = 0
configure:3277: test -z 
			 || test ! -s conftest.err
configure:3280: $? = 0
configure:3283: test -s conftest.o
configure:3286: $? = 0
configure:3375: gcc -o conftest -g -O2   conftest.c  >&5
conftest.c: In function 'main':
conftest.c:31:7: warning: implicit declaration of function 'exit' [-Wimplicit-function-declaration]
   31 |       exit(2);
      |       ^~~~
conftest.c:31:7: warning: incompatible implicit declaration of built-in function 'exit'
conftest.c:15:1: note: include '<stdlib.h>' or provide a declaration of 'exit'
   14 | #include <ctype.h>
  +++ |+#include <stdlib.h>
   15 | #if ((' ' & 0x0FF) == 0x020)
conftest.c:32:3: warning: incompatible implicit declaration of built-in function 'exit'
   32 |   exit (0);
      |   ^~~~
conftest.c:32:3: note: include '<stdlib.h>' or provide a declaration of 'exit'
configure:3378: $? = 0
configure:3380: ./conftest
configure:3383: $? = 0
configure:3398: result: yes
configure:3422: checking for sys/types.h
configure:3438: gcc -c -g -O2  conftest.c >&5
configure:3444: $? = 0
configure:3448: test -z 
			 || test ! -s conftest.err
configure:3451: $? = 0
configure:3454: test -s conftest.o
configure:3457: $? = 0
configure:3468: result: yes
configure:3422: checking for sys/stat.h
configure:3438: gcc -c -g -O2  conftest.c >&5
configure:3444: $? = 0
configure:3448: test -z 
			 || test ! -s conftest.err
configure:3451: $? = 0
configure:3454: test -s conftest.o
configure:3457: $? = 0
configure:3468: result: yes
configure:3422: checking for stdlib.h
configure:3438: gcc -c -g -O2  conftest.c >&5
configure:3444: $? = 0
configure:3448: test -z 
			 || test ! -s conftest.err
configure:3451: $? = 0
configure:3454: test -s conftest.o
configure:3457: $? = 0
configure:3468: result: yes
configure:3422: checking for string.h
configure:3438: gcc -c -g -O2  conftest.c >&5
configure:3444: $? = 0
configure:3448: test -z 
			 || test ! -s conftest.err
configure:3451: $? = 0
configure:3454: test -s conftest.o
configure:3457: $? = 0
configure:3468: result: yes
configure:3422: checking for memory.h
configure:3438: gcc -c -g -O2  conftest.c >&5
configure:3444: $? = 0
configure:3448: test -z 
			 || test ! -s conftest.err
configure:3451: $? = 0
configure:3454: test -s conftest.o
configure:3457: $? = 0
configure:3468: result: yes
configure:3422: checking for strings.h
configure:3438: gcc -c -g -O2  conftest.c >&5
configure:3444: $? = 0
configure:3448: test -z 
			 || test ! -s conftest.err
configure:3451: $? = 0
configure:3454: test -s conftest.o
configure:3457: $? = 0
configure:3468: result: yes
configure:3422: checking for inttypes.h
configure:3438: gcc -c -g -O2  conftest.c >&5
configure:3444: $? = 0
configure:3448: test -z 
			 || test ! -s conftest.err
configure:3451: $? = 0
configure:3454: test -s conftest.o
configure:3457: $? = 0
configure:3468: result: yes
configure:3422: checking for stdint.h
configure:3438: gcc -c -g -O2  conftest.c >&5
configure:3444: $? = 0
configure:3448: test -z 
			 || test ! -s conftest.err
configure:3451: $? = 0
configure:3454: test -s conftest.o
configure:3457: $? = 0
configure:3468: result: yes
configure:3422: checking for unistd.h
configure:3438: gcc -c -g -O2  conftest.c >&5
configure:3444: $? = 0
configure:3448: test -z 
			 || test ! -s conftest.err
configure:3451: $? = 0
configure:3454: test -s conftest.o
configure:3457: $? = 0
configure:3468: result: yes
configure:3485: checking for stdint.h
configure:3490: result: yes
configure:3631: checking for inet_aton() presence
configure:3662: gcc -o conftest -g -O2   conftest.c  >&5
configure:3668: $? = 0
configure:3672: test -z 
			 || test ! -s conftest.err
configure:3675: $? = 0
configure:3678: test -s conftest
configure:3681: $? = 0
configure:3698: result: yes
configure:2875: creating ./config.status

## ---------------------- ##
## Running config.status. ##
## ---------------------- ##

This file was extended by config.status, which was
generated by GNU Autoconf 2.59.  Invocation command line was

  CONFIG_FILES    = 
  CONFIG_HEADERS  = 
  CONFIG_LINKS    = 
  CONFIG_COMMANDS = 
  $ ./config.status 

on rnks-vm

config.status:642: creating Makefile

## ---------------- ##
## Cache variables. ##
## ---------------- ##

ac_cv_c_compiler_gnu=yes
ac_cv_cxx_compiler_gnu=yes
ac_cv_env_CC_set=
ac_cv_env_CC_value=
ac_cv_env_CFLAGS_set=
ac_cv_env_CFLAGS_value=
ac_cv_env_CPPFLAGS_set=
ac_cv_env_CPPFLAGS_value=
ac_cv_env_CPP_set=
ac_cv_env_CPP_value=
ac_cv_env_CXXFLAGS_set=
ac_cv_env_CXXFLAGS_value=
ac_cv_env_CXX_set=
ac_cv_env_CXX_value=
ac_cv_env_LDFLAGS_set=
ac_cv_env_LDFLAGS_value=
ac_cv_env_build_alias_set=
ac_cv_env_build_alias_value=
ac_cv_env_host_alias_set=
ac_cv_env_host_alias_value=
ac_cv_env_target_alias_set=
ac_cv_env_target_alias_value=
ac_cv_exeext=
ac_cv_header_inttypes_h=yes
ac_cv_header_memory_h=yes
ac_cv_header_stdc=yes
ac_cv_header_stdint_h=yes
ac_cv_header_stdlib_h=yes
ac_cv_header_string_h=yes
ac_cv_header_strings_h=yes
ac_cv_header_sys_stat_h=yes
ac_cv_header_sys_types_h=yes
ac_cv_header_unistd_h=yes
ac_cv_objext=o
ac_cv_path_install='/usr/bin/install -c'
ac_cv_prog_CPP='gcc -E'
ac_cv_prog_ac_ct_CC=gcc
ac_cv_prog_ac_ct_CXX=g++
ac_cv_prog_ac_ct_RANLIB=ranlib
ac_cv_prog_cc_g=yes
ac_cv_prog_cc_stdc=
ac_cv_prog_cxx_g=yes
ac_cv_prog_egrep='grep -E'
ac_cv_prog_make_make_set=yes

## ----------------- ##
## Output variables. ##
## ----------------- ##

ACLOCAL='/media/sf_BS_II/centericq-4.21.0/firetalk-0.1/missing aclocal-1.4'
AUTOCONF='autoconf'
AUTOHEADER='autoheader'
AUTOMAKE='/media/sf_BS_II/centericq-4.21.0/firetalk-0.1/missing automake-1.4'
BUILD_FIRETALK_FALSE='#'
BUILD_FIRETALK_TRUE=''
CC='gcc'
CFLAGS='-g -O2'
CPP='gcc -E'
CPPFLAGS=''
CXX='g++'
CXXFLAGS='-g -O2'
DEFS='-DPACKAGE_NAME=\"\" -DPACKAGE_TARNAME=\"\" -DPACKAGE_VERSION=\"\" -DPACKAGE_STRING=\"\" -DPACKAGE_BUGREPORT=\"\" -DPACKAGE=\"firetalk\" -DVERSION=\"0.1\" -DSTDC_HEADERS=1 -DHAVE_SYS_TYPES_H=1 -DHAVE_SYS_STAT_H=1 -DHAVE_STDLIB_H=1 -DHAVE_STRING_H=1 -DHAVE_MEMORY_H=1 -DHAVE_STRINGS_H=1 -DHAVE_INTTYPES_H=1 -DHAVE_STDINT_H=1 -DHAVE_UNISTD_H=1 -DHAVE_STDINT_H=1 -DHAVE_INET_ATON=1 '
ECHO_C=''
ECHO_N='-n'
ECHO_T=''
EGREP='grep -E'
EXEEXT=''
INSTALL_DATA='${INSTALL} -m 644'
INSTALL_PROGRAM='${INSTALL}'
INSTALL_SCRIPT='${INSTALL}'
LDFLAGS=''
LIBOBJS=''
LIBS=''
LTLIBOBJS=''
MAKEINFO='/media/sf_BS_II/centericq-4.21.0/firetalk-0.1/missing makeinfo'
OBJEXT='o'
PACKAGE='firetalk'
PACKAGE_BUGREPORT=''
PACKAGE_NAME=''
PACKAGE_STRING=''
PACKAGE_TARNAME=''
PACKAGE_VERSION=''
PATH_SEPARATOR=':'
RANLIB='ranlib'
SET_MAKE=''
SHELL='/bin/bash'
VERSION='0.1'
ac_ct_CC='gcc'
ac_ct_CXX='g++'
ac_ct_RANLIB='ranlib'
bindir='${exec_prefix}/bin'
build_alias=''
datadir='${prefix}/share'
exec_prefix='${prefix}'
host_alias=''
includedir='${prefix}/include'
infodir='${prefix}/info'
libdir='${exec_prefix}/lib'
libexecdir='${exec_prefix}/libexec'
localstatedir='${prefix}/var'
mandir='${prefix}/man'
oldincludedir='/usr/include'
prefix='/usr/local'
program_transform_name='s,x,x,'
sbindir='${exec_prefix}/sbin'
sharedstatedir='${prefix}/com'
sysconfdir='${prefix}/etc'
target_alias=''

## ----------- ##
## confdefs.h. ##
## ----------- ##

#define HAVE_INET_ATON 1
#define HAVE_INTTYPES_H 1
#define HAVE_MEMORY_H 1
#define HAVE_STDINT_H 1
#define HAVE_STDINT_H 1
#define HAVE_STDLIB_H 1
#define HAVE_STRINGS_H 1
#define HAVE_STRING_H 1
#define HAVE_SYS_STAT_H 1
#define HAVE_SYS_TYPES_H 1
#define HAVE_UNISTD_H 1
#define PACKAGE "firetalk"
#define PACKAGE_BUGREPORT ""
#define PACKAGE_NAME ""
#define PACKAGE_STRING ""
#define PACKAGE_TARNAME ""
#define PACKAGE_VERSION ""
#define STDC_HEADERS 1
#define VERSION "0.1"
#endif
#ifdef __cplusplus
extern "C" void std::exit (int) throw (); using std::exit;

configure: exit 0
